<?xml version="1.0" encoding="UTF-8"?>
<testsuite xmlns:xsi="http://www.w3.org/2001/XMLSchema-instance" xsi:noNamespaceSchemaLocation="https://maven.apache.org/surefire/maven-surefire-plugin/xsd/surefire-test-report.xsd" name="org.ms.maven.service.AppTest" time="0.037" tests="1" errors="0" skipped="0" failures="0">
  <properties>
    <property name="user.variant" value=""/>
    <property name="java.vm.info" value="mixed mode"/>
    <property name="file.encoding.pkg" value="sun.io"/>
    <property name="file.encoding" value="GBK"/>
    <property name="java.specification.name" value="Java Platform API Specification"/>
    <property name="sun.os.patch.level" value=""/>
    <property name="user.dir" value="D:\Program Files\workspace-maven2\ms-maven-parent\ms-maven-service"/>
    <property name="line.separator" value="&#10;"/>
    <property name="java.home" value="C:\work\Java\jdk1.7.0_45\jre"/>
    <property name="user.name" value="qnzhl"/>
    <property name="sun.boot.library.path" value="C:\work\Java\jdk1.7.0_45\jre\bin"/>
    <property name="user.home" value="C:\Users\qnzhl"/>
    <property name="localRepository" value="D:\Program Files\MavenBox"/>
    <property name="sun.java.launcher" value="SUN_STANDARD"/>
    <property name="java.class.version" value="51.0"/>
    <property name="user.language" value="zh"/>
    <property name="java.vendor.url.bug" value="http://bugreport.sun.com/bugreport/"/>
    <property name="sun.jnu.encoding" value="GBK"/>
    <property name="java.io.tmpdir" value="C:\Users\qnzhl\AppData\Local\Temp\"/>
    <property name="java.specification.vendor" value="Oracle Corporation"/>
    <property name="file.separator" value="\"/>
    <property name="java.class.path" value="D:\Program Files\workspace-maven2\ms-maven-parent\ms-maven-service\target\test-classes;D:\Program Files\workspace-maven2\ms-maven-parent\ms-maven-service\target\classes;D:\Program Files\MavenBox\com\zgs\test\maven-dao\0.0.1-SNAPSHOT\maven-dao-0.0.1-SNAPSHOT.jar;D:\Program Files\MavenBox\junit\junit\4.11\junit-4.11.jar;D:\Program Files\MavenBox\org\hamcrest\hamcrest-core\1.3\hamcrest-core-1.3.jar;"/>
    <property name="java.vm.vendor" value="Oracle Corporation"/>
    <property name="sun.cpu.endian" value="little"/>
    <property name="java.vm.specification.vendor" value="Oracle Corporation"/>
    <property name="java.specification.version" value="1.7"/>
    <property name="user.script" value=""/>
    <property name="awt.toolkit" value="sun.awt.windows.WToolkit"/>
    <property name="sun.java.command" value="C:\Users\qnzhl\AppData\Local\Temp\surefire2812975342483734510\surefirebooter2957445919086640869.jar C:\Users\qnzhl\AppData\Local\Temp\surefire2812975342483734510 2018-06-27T22-07-33_430-jvmRun1 surefire2486812446842915937tmp surefire_05747911326592929981tmp"/>
    <property name="user.timezone" value=""/>
    <property name="surefire.test.class.path" value="D:\Program Files\workspace-maven2\ms-maven-parent\ms-maven-service\target\test-classes;D:\Program Files\workspace-maven2\ms-maven-parent\ms-maven-service\target\classes;D:\Program Files\MavenBox\com\zgs\test\maven-dao\0.0.1-SNAPSHOT\maven-dao-0.0.1-SNAPSHOT.jar;D:\Program Files\MavenBox\junit\junit\4.11\junit-4.11.jar;D:\Program Files\MavenBox\org\hamcrest\hamcrest-core\1.3\hamcrest-core-1.3.jar;"/>
    <property name="java.runtime.version" value="1.7.0_45-b18"/>
    <property name="java.vendor" value="Oracle Corporation"/>
    <property name="sun.management.compiler" value="HotSpot 64-Bit Tiered Compilers"/>
    <property name="sun.arch.data.model" value="64"/>
    <property name="os.arch" value="amd64"/>
    <property name="sun.io.unicode.encoding" value="UnicodeLittle"/>
    <property name="java.awt.printerjob" value="sun.awt.windows.WPrinterJob"/>
    <property name="path.separator" value=";"/>
    <property name="java.runtime.name" value="Java(TM) SE Runtime Environment"/>
    <property name="java.vendor.url" value="http://java.oracle.com/"/>
    <property name="sun.boot.class.path" value="C:\work\Java\jdk1.7.0_45\jre\lib\resources.jar;C:\work\Java\jdk1.7.0_45\jre\lib\rt.jar;C:\work\Java\jdk1.7.0_45\jre\lib\sunrsasign.jar;C:\work\Java\jdk1.7.0_45\jre\lib\jsse.jar;C:\work\Java\jdk1.7.0_45\jre\lib\jce.jar;C:\work\Java\jdk1.7.0_45\jre\lib\charsets.jar;C:\work\Java\jdk1.7.0_45\jre\lib\jfr.jar;C:\work\Java\jdk1.7.0_45\jre\classes"/>
    <property name="surefire.real.class.path" value="C:\Users\qnzhl\AppData\Local\Temp\surefire2812975342483734510\surefirebooter2957445919086640869.jar"/>
    <property name="java.endorsed.dirs" value="C:\work\Java\jdk1.7.0_45\jre\lib\endorsed"/>
    <property name="sun.desktop" value="windows"/>
    <property name="java.vm.version" value="24.45-b08"/>
    <property name="os.name" value="Windows 8"/>
    <property name="java.vm.specification.version" value="1.7"/>
    <property name="sun.cpu.isalist" value="amd64"/>
    <property name="java.version" value="1.7.0_45"/>
    <property name="java.vm.specification.name" value="Java Virtual Machine Specification"/>
    <property name="java.ext.dirs" value="C:\work\Java\jdk1.7.0_45\jre\lib\ext;C:\WINDOWS\Sun\Java\lib\ext"/>
    <property name="os.version" value="6.2"/>
    <property name="basedir" value="D:\Program Files\workspace-maven2\ms-maven-parent\ms-maven-service"/>
    <property name="java.library.path" value="C:\work\Java\jdk1.7.0_45\jre\bin;C:\WINDOWS\Sun\Java\bin;C:\WINDOWS\system32;C:\WINDOWS;C:\Program Files (x86)\Intel\iCLS Client\;C:\Program Files\Intel\iCLS Client\;C:\WINDOWS\system32;C:\WINDOWS;C:\WINDOWS\System32\Wbem;C:\WINDOWS\System32\WindowsPowerShell\v1.0\;C:\work\Java\jdk1.7.0_45\bin;C:\Program Files (x86)\Intel\Intel(R) Management Engine Components\DAL;C:\Program Files\Intel\Intel(R) Management Engine Components\DAL;C:\Program Files (x86)\Intel\Intel(R) Management Engine Components\IPT;C:\Program Files\Intel\Intel(R) Management Engine Components\IPT;C:\WINDOWS\System32\OpenSSH\;C:\Program Files\Git\cmd;%MAVEN_HOME%\bin;%JAVA_HOME%\bin;C:\Users\qnzhl\AppData\Local\Microsoft\WindowsApps;D:\Program Files\Docker Toolbox;D:\Program Files\maven-3.0.5\bin;;."/>
    <property name="java.awt.graphicsenv" value="sun.awt.Win32GraphicsEnvironment"/>
    <property name="java.vm.name" value="Java HotSpot(TM) 64-Bit Server VM"/>
    <property name="user.country" value="CN"/>
  </properties>
  <testcase name="shouldAnswerWithTrue" classname="org.ms.maven.service.AppTest" time="0"/>
</testsuite>